<?xml version="1.0" encoding="UTF-8"?>
<!-- Generated by org.testng.reporters.JUnitReportReporter -->
<testsuite skipped="0" hostname="DESKTOP-1JFBICD" name="test.NewAccountTest" tests="1" failures="0" timestamp="25 Aug 2019 16:45:44 GMT" time="16.969" errors="0">
  <testcase name="OpenANewAccount" time="16.969" classname="test.NewAccountTest"/>
</testsuite> <!-- test.NewAccountTest -->
